g:\documents\programming\c\special-rainbow\x64\debug\vc142.pdb
g:\documents\programming\c\special-rainbow\x64\debug\vc142.idb
g:\documents\programming\c\special-rainbow\x64\debug\file_reader.obj
g:\documents\programming\c\special-rainbow\x64\debug\entry.obj
g:\documents\programming\c\special-rainbow\x64\debug\debug.obj
g:\documents\programming\c\special-rainbow\x64\debug\rl_decoder.obj
g:\documents\programming\c\special-rainbow\x64\debug\bm_reader.obj
g:\documents\programming\c\special-rainbow\x64\debug\rl_encoder.obj
g:\documents\programming\c\special-rainbow\x64\debug\bm_writer.obj
c:\users\skidz\documents\c\special-rainbow\x64\debug\vc142.pdb
c:\users\skidz\documents\c\special-rainbow\x64\debug\vc142.idb
c:\users\skidz\documents\c\special-rainbow\x64\debug\debug.obj
g:\documents\programming\c\special-rainbow\x64\debug\special-rainbow.exe
g:\documents\programming\c\special-rainbow\x64\debug\special-rainbow.ilk
g:\documents\programming\c\special-rainbow\x64\debug\special-rainbow.pdb
c:\users\skidz\documents\c\special-rainbow\x64\debug\bm_reader.obj
c:\users\skidz\documents\c\special-rainbow\x64\debug\bm_writer.obj
c:\users\skidz\documents\c\special-rainbow\x64\debug\entry.obj
c:\users\skidz\documents\c\special-rainbow\x64\debug\file_reader.obj
c:\users\skidz\documents\c\special-rainbow\x64\debug\rl_decoder.obj
c:\users\skidz\documents\c\special-rainbow\x64\debug\rl_encoder.obj
c:\users\skidz\documents\c\special-rainbow\x64\debug\special-rainbow.ilk
c:\users\skidz\documents\c\special-rainbow\x64\debug\special-rainbow.pdb
c:\users\skidz\documents\c\special-rainbow\x64\debug\special-rainbow.exe
c:\users\skidz\documents\c\special-rainbow\x64\debug\special-rainbow.tlog\cl.command.1.tlog
c:\users\skidz\documents\c\special-rainbow\x64\debug\special-rainbow.tlog\cl.read.1.tlog
c:\users\skidz\documents\c\special-rainbow\x64\debug\special-rainbow.tlog\cl.write.1.tlog
c:\users\skidz\documents\c\special-rainbow\x64\debug\special-rainbow.tlog\link.command.1.tlog
c:\users\skidz\documents\c\special-rainbow\x64\debug\special-rainbow.tlog\link.read.1.tlog
c:\users\skidz\documents\c\special-rainbow\x64\debug\special-rainbow.tlog\link.write.1.tlog
